1661604316 1661604317 0
1661604317 1661604318 0
1661604318 1661604319 0
1661604360 1661604364 0
1661604364 1661604367 0
1661604367 1661604370 0
1661604509 1661604512 0
1661604512 1661604515 0
1661604515 1661604518 0
1661604593 1661604593 1
1661604593 1661604593 1
1661604742 1661604742 2
1661604742 1661604742 2
1661604767 1661604767 1
1661604767 1661604767 1
1661604771 1661604771 1
1661604771 1661604771 1
1661604825 1661604825 1
1661604825 1661604825 1
1661605046 1661605046 1
1661605046 1661605046 1
